<?xml version="1.0" encoding="UTF-8"?>
<testsuite xmlns:xsi="http://www.w3.org/2001/XMLSchema-instance" xsi:noNamespaceSchemaLocation="https://maven.apache.org/surefire/maven-surefire-plugin/xsd/surefire-test-report-3.0.xsd" version="3.0" name="com.distributed.system.tests.api.UserApiContainerTest" time="0.089" tests="1" errors="0" skipped="0" failures="0">
  <properties>
[...]
</properties>
  <testcase name="shouldCreateUserTestContainer" classname="com.distributed.system.tests.api.UserApiContainerTest" time="0.06">
    <system-out><![CDATA[Hibernate: 
    insert 
    into
        users
        (email, name) 
    values
        (?, ?)
]]></system-out>
  </testcase>
</testsuite>